{
  "numFailedTestSuites": 0,
  "numFailedTests": 0,
  "numPassedTestSuites": 1,
  "numPassedTests": 1,
  "numPendingTestSuites": 0,
  "numPendingTests": 1,
  "numRuntimeErrorTestSuites": 0,
  "numTodoTests": 0,
  "numTotalTestSuites": 1,
  "numTotalTests": 2,
  "openHandles": [],
  "snapshot": {
    "added": 0,
    "didUpdate": false,
    "failure": false,
    "filesAdded": 0,
    "filesRemoved": 0,
    "filesRemovedList": [],
    "filesUnmatched": 0,
    "filesUpdated": 0,
    "matched": 0,
    "total": 0,
    "unchecked": 0,
    "uncheckedKeysByFile": [],
    "unmatched": 0,
    "updated": 0
  },
  "startTime": 1612511022524,
  "success": true,
  "testResults": [
    {
      "assertionResults": [
        {
          "ancestorTitles": ["components/organisms/SignInForm"],
          "failureMessages": [],
          "fullName": "components/organisms/SignInForm 正常入力後、Submitボタンを押下すると、'submit'が$emitされること.",
          "location": null,
          "status": "passed",
          "title": "正常入力後、Submitボタンを押下すると、'submit'が$emitされること."
        },
        {
          "ancestorTitles": ["components/organisms/SignInForm"],
          "failureMessages": [],
          "fullName": "components/organisms/SignInForm 不正なメールアドレス入力状態で、Submitボタンを押下しても、'submit'が$emitされないこと",
          "location": null,
          "status": "pending",
          "title": "不正なメールアドレス入力状態で、Submitボタンを押下しても、'submit'が$emitされないこと"
        }
      ],
      "endTime": 1612511029553,
      "message": "",
      "name": "/Users/ushio/Workspace/microposts/web/tests/components/organisms/form/SignInForm.test.ts",
      "startTime": 1612511024025,
      "status": "passed",
      "summary": ""
    }
  ],
  "wasInterrupted": false,
  "coverageMap": {
    "/Users/ushio/Workspace/microposts/web/components/organisms/form/SignInForm.vue": {
      "path": "/Users/ushio/Workspace/microposts/web/components/organisms/form/SignInForm.vue",
      "statementMap": {
        "0": {
          "start": { "line": 1, "column": 0 },
          "end": { "line": 1, "column": null }
        },
        "1": {
          "start": { "line": 2, "column": 0 },
          "end": { "line": 2, "column": null }
        },
        "2": {
          "start": { "line": 3, "column": 0 },
          "end": { "line": 3, "column": null }
        },
        "3": {
          "start": { "line": 4, "column": 0 },
          "end": { "line": 4, "column": null }
        },
        "4": {
          "start": { "line": 5, "column": 0 },
          "end": { "line": 5, "column": null }
        },
        "5": {
          "start": { "line": 6, "column": 0 },
          "end": { "line": 6, "column": null }
        },
        "6": {
          "start": { "line": 16, "column": 0 },
          "end": { "line": 16, "column": null }
        },
        "7": {
          "start": { "line": 17, "column": 0 },
          "end": { "line": 17, "column": null }
        },
        "8": {
          "start": { "line": 19, "column": 0 },
          "end": { "line": 19, "column": null }
        },
        "9": {
          "start": { "line": 22, "column": 0 },
          "end": { "line": 22, "column": null }
        },
        "10": {
          "start": { "line": 26, "column": 0 },
          "end": { "line": 26, "column": null }
        },
        "11": {
          "start": { "line": 27, "column": 0 },
          "end": { "line": 27, "column": null }
        },
        "12": {
          "start": { "line": 16, "column": 0 },
          "end": { "line": 8, "column": null }
        }
      },
      "fnMap": {
        "0": {
          "name": "(anonymous_3)",
          "decl": {
            "start": { "line": 16, "column": 0 },
            "end": { "line": 16, "column": null }
          },
          "loc": {
            "start": { "line": 16, "column": 0 },
            "end": { "line": 29, "column": null }
          }
        },
        "1": {
          "name": "(anonymous_4)",
          "decl": {
            "start": { "line": 21, "column": 0 },
            "end": { "line": 21, "column": null }
          },
          "loc": {
            "start": { "line": 21, "column": 0 },
            "end": { "line": 23, "column": null }
          }
        },
        "2": {
          "name": "(anonymous_5)",
          "decl": {
            "start": { "line": 25, "column": 0 },
            "end": { "line": 25, "column": null }
          },
          "loc": {
            "start": { "line": 25, "column": 0 },
            "end": { "line": 28, "column": null }
          }
        }
      },
      "branchMap": {
        "0": {
          "loc": {
            "start": { "line": 22, "column": 0 },
            "end": { "line": 22, "column": null }
          },
          "type": "binary-expr",
          "locations": [
            {
              "start": { "line": 22, "column": 0 },
              "end": { "line": 22, "column": null }
            },
            {
              "start": { "line": 22, "column": 0 },
              "end": { "line": 22, "column": null }
            }
          ]
        }
      },
      "s": {
        "0": 1,
        "1": 1,
        "2": 1,
        "3": 1,
        "4": 1,
        "5": 1,
        "6": 1,
        "7": 1,
        "8": 1,
        "9": 0,
        "10": 1,
        "11": 1,
        "12": 1
      },
      "f": { "0": 1, "1": 0, "2": 1 },
      "b": { "0": [0, 0] }
    },
    "/Users/ushio/Workspace/microposts/web/components/atoms/form/InputEmail.vue": {
      "path": "/Users/ushio/Workspace/microposts/web/components/atoms/form/InputEmail.vue",
      "statementMap": {
        "0": {
          "start": { "line": 1, "column": 0 },
          "end": { "line": 1, "column": null }
        },
        "1": {
          "start": { "line": 2, "column": 0 },
          "end": { "line": 2, "column": null }
        },
        "2": {
          "start": { "line": 3, "column": 0 },
          "end": { "line": 3, "column": null }
        },
        "3": {
          "start": { "line": 8, "column": 0 },
          "end": { "line": 8, "column": null }
        },
        "4": {
          "start": { "line": 13, "column": 0 },
          "end": { "line": 13, "column": null }
        },
        "5": {
          "start": { "line": 10, "column": 0 },
          "end": { "line": 9, "column": null }
        },
        "6": {
          "start": { "line": 8, "column": 0 },
          "end": { "line": 5, "column": null }
        }
      },
      "fnMap": {
        "0": {
          "name": "(anonymous_3)",
          "decl": {
            "start": { "line": 12, "column": 0 },
            "end": { "line": 12, "column": null }
          },
          "loc": {
            "start": { "line": 12, "column": 0 },
            "end": { "line": 14, "column": null }
          }
        }
      },
      "branchMap": {},
      "s": { "0": 1, "1": 1, "2": 1, "3": 1, "4": 1, "5": 1, "6": 1 },
      "f": { "0": 1 },
      "b": {}
    },
    "/Users/ushio/Workspace/microposts/web/components/atoms/form/mixins/FormTextMixin.vue": {
      "path": "/Users/ushio/Workspace/microposts/web/components/atoms/form/mixins/FormTextMixin.vue",
      "statementMap": {
        "0": {
          "start": { "line": 2, "column": 0 },
          "end": { "line": 2, "column": null }
        },
        "1": {
          "start": { "line": 5, "column": 0 },
          "end": { "line": 5, "column": null }
        },
        "2": {
          "start": { "line": 7, "column": 0 },
          "end": { "line": 6, "column": null }
        },
        "3": {
          "start": { "line": 10, "column": 0 },
          "end": { "line": 9, "column": null }
        },
        "4": {
          "start": { "line": 13, "column": 0 },
          "end": { "line": 12, "column": null }
        }
      },
      "fnMap": {},
      "branchMap": {},
      "s": { "0": 1, "1": 2, "2": 1, "3": 1, "4": 1 },
      "f": {},
      "b": {}
    },
    "/Users/ushio/Workspace/microposts/web/components/atoms/form/mixins/FormControlMixin.vue": {
      "path": "/Users/ushio/Workspace/microposts/web/components/atoms/form/mixins/FormControlMixin.vue",
      "statementMap": {
        "0": {
          "start": { "line": 2, "column": 0 },
          "end": { "line": 2, "column": null }
        },
        "1": {
          "start": { "line": 5, "column": 0 },
          "end": { "line": 5, "column": null }
        },
        "2": {
          "start": { "line": 7, "column": 0 },
          "end": { "line": 6, "column": null }
        },
        "3": {
          "start": { "line": 10, "column": 0 },
          "end": { "line": 9, "column": null }
        },
        "4": {
          "start": { "line": 13, "column": 0 },
          "end": { "line": 12, "column": null }
        },
        "5": {
          "start": { "line": 16, "column": 0 },
          "end": { "line": 15, "column": null }
        },
        "6": {
          "start": { "line": 19, "column": 0 },
          "end": { "line": 18, "column": null }
        },
        "7": {
          "start": { "line": 22, "column": 0 },
          "end": { "line": 21, "column": null }
        },
        "8": {
          "start": { "line": 25, "column": 0 },
          "end": { "line": 24, "column": null }
        }
      },
      "fnMap": {},
      "branchMap": {},
      "s": {
        "0": 1,
        "1": 2,
        "2": 1,
        "3": 1,
        "4": 1,
        "5": 1,
        "6": 1,
        "7": 1,
        "8": 1
      },
      "f": {},
      "b": {}
    },
    "/Users/ushio/Workspace/microposts/web/components/atoms/form/InputPassword.vue": {
      "path": "/Users/ushio/Workspace/microposts/web/components/atoms/form/InputPassword.vue",
      "statementMap": {
        "0": {
          "start": { "line": 1, "column": 0 },
          "end": { "line": 1, "column": null }
        },
        "1": {
          "start": { "line": 2, "column": 0 },
          "end": { "line": 2, "column": null }
        },
        "2": {
          "start": { "line": 3, "column": 0 },
          "end": { "line": 3, "column": null }
        },
        "3": {
          "start": { "line": 8, "column": 0 },
          "end": { "line": 8, "column": null }
        },
        "4": {
          "start": { "line": 13, "column": 0 },
          "end": { "line": 13, "column": null }
        },
        "5": {
          "start": { "line": 10, "column": 0 },
          "end": { "line": 9, "column": null }
        },
        "6": {
          "start": { "line": 8, "column": 0 },
          "end": { "line": 5, "column": null }
        }
      },
      "fnMap": {
        "0": {
          "name": "(anonymous_3)",
          "decl": {
            "start": { "line": 12, "column": 0 },
            "end": { "line": 12, "column": null }
          },
          "loc": {
            "start": { "line": 12, "column": 0 },
            "end": { "line": 14, "column": null }
          }
        }
      },
      "branchMap": {},
      "s": { "0": 1, "1": 1, "2": 1, "3": 1, "4": 1, "5": 1, "6": 1 },
      "f": { "0": 1 },
      "b": {}
    },
    "/Users/ushio/Workspace/microposts/web/components/atoms/SubmitButton.vue": {
      "path": "/Users/ushio/Workspace/microposts/web/components/atoms/SubmitButton.vue",
      "statementMap": {
        "0": {
          "start": { "line": 1, "column": 0 },
          "end": { "line": 1, "column": null }
        },
        "1": {
          "start": { "line": 4, "column": 0 },
          "end": { "line": 4, "column": null }
        },
        "2": {
          "start": { "line": 6, "column": 0 },
          "end": { "line": 5, "column": null }
        },
        "3": {
          "start": { "line": 9, "column": 0 },
          "end": { "line": 8, "column": null }
        }
      },
      "fnMap": {},
      "branchMap": {},
      "s": { "0": 1, "1": 2, "2": 1, "3": 1 },
      "f": {},
      "b": {}
    },
    "/Users/ushio/Workspace/microposts/web/components/molecule/form/FormLabel.vue": {
      "path": "/Users/ushio/Workspace/microposts/web/components/molecule/form/FormLabel.vue",
      "statementMap": {
        "0": {
          "start": { "line": 1, "column": 0 },
          "end": { "line": 1, "column": null }
        },
        "1": {
          "start": { "line": 2, "column": 0 },
          "end": { "line": 2, "column": null }
        },
        "2": {
          "start": { "line": 3, "column": 0 },
          "end": { "line": 3, "column": null }
        },
        "3": {
          "start": { "line": 6, "column": 0 },
          "end": { "line": 6, "column": null }
        },
        "4": {
          "start": { "line": 35, "column": 0 },
          "end": { "line": 35, "column": null }
        },
        "5": {
          "start": { "line": 8, "column": 0 },
          "end": { "line": 7, "column": null }
        },
        "6": {
          "start": { "line": 11, "column": 0 },
          "end": { "line": 10, "column": null }
        },
        "7": {
          "start": { "line": 14, "column": 0 },
          "end": { "line": 13, "column": null }
        },
        "8": {
          "start": { "line": 17, "column": 0 },
          "end": { "line": 16, "column": null }
        },
        "9": {
          "start": { "line": 20, "column": 0 },
          "end": { "line": 19, "column": null }
        },
        "10": {
          "start": { "line": 23, "column": 0 },
          "end": { "line": 22, "column": null }
        },
        "11": {
          "start": { "line": 26, "column": 0 },
          "end": { "line": 25, "column": null }
        },
        "12": {
          "start": { "line": 29, "column": 0 },
          "end": { "line": 28, "column": null }
        },
        "13": {
          "start": { "line": 32, "column": 0 },
          "end": { "line": 31, "column": null }
        }
      },
      "fnMap": {
        "0": {
          "name": "(anonymous_2)",
          "decl": {
            "start": { "line": 34, "column": 0 },
            "end": { "line": 34, "column": null }
          },
          "loc": {
            "start": { "line": 34, "column": 0 },
            "end": { "line": 38, "column": null }
          }
        }
      },
      "branchMap": {
        "0": {
          "loc": {
            "start": { "line": 35, "column": 0 },
            "end": { "line": 35, "column": null }
          },
          "type": "cond-expr",
          "locations": [
            {
              "start": { "line": 35, "column": 0 },
              "end": { "line": 35, "column": null }
            },
            {
              "start": { "line": 35, "column": 0 },
              "end": { "line": 35, "column": null }
            }
          ]
        }
      },
      "s": {
        "0": 1,
        "1": 1,
        "2": 1,
        "3": 2,
        "4": 2,
        "5": 1,
        "6": 1,
        "7": 1,
        "8": 1,
        "9": 1,
        "10": 1,
        "11": 1,
        "12": 1,
        "13": 1
      },
      "f": { "0": 2 },
      "b": { "0": [0, 2] }
    },
    "/Users/ushio/Workspace/microposts/web/components/atoms/Logo.vue": {
      "path": "/Users/ushio/Workspace/microposts/web/components/atoms/Logo.vue",
      "statementMap": {
        "0": {
          "start": { "line": 1, "column": 0 },
          "end": { "line": 1, "column": null }
        },
        "1": {
          "start": { "line": 4, "column": 0 },
          "end": { "line": 4, "column": null }
        },
        "2": {
          "start": { "line": 6, "column": 0 },
          "end": { "line": 5, "column": null }
        },
        "3": {
          "start": { "line": 9, "column": 0 },
          "end": { "line": 8, "column": null }
        },
        "4": {
          "start": { "line": 12, "column": 0 },
          "end": { "line": 11, "column": null }
        },
        "5": {
          "start": { "line": 15, "column": 0 },
          "end": { "line": 14, "column": null }
        }
      },
      "fnMap": {},
      "branchMap": {},
      "s": { "0": 0, "1": 0, "2": 0, "3": 0, "4": 0, "5": 0 },
      "f": {},
      "b": {}
    },
    "/Users/ushio/Workspace/microposts/web/components/molecule/Microposts/MicropostText.vue": {
      "path": "/Users/ushio/Workspace/microposts/web/components/molecule/Microposts/MicropostText.vue",
      "statementMap": {
        "0": {
          "start": { "line": 1, "column": 0 },
          "end": { "line": 1, "column": null }
        },
        "1": {
          "start": { "line": 4, "column": 0 },
          "end": { "line": 4, "column": null }
        },
        "2": {
          "start": { "line": 6, "column": 0 },
          "end": { "line": 5, "column": null }
        }
      },
      "fnMap": {},
      "branchMap": {},
      "s": { "0": 0, "1": 0, "2": 0 },
      "f": {},
      "b": {}
    },
    "/Users/ushio/Workspace/microposts/web/components/atoms/form/InputText.vue": {
      "path": "/Users/ushio/Workspace/microposts/web/components/atoms/form/InputText.vue",
      "statementMap": {
        "0": {
          "start": { "line": 1, "column": 0 },
          "end": { "line": 1, "column": null }
        },
        "1": {
          "start": { "line": 2, "column": 0 },
          "end": { "line": 2, "column": null }
        },
        "2": {
          "start": { "line": 3, "column": 0 },
          "end": { "line": 3, "column": null }
        },
        "3": {
          "start": { "line": 8, "column": 0 },
          "end": { "line": 8, "column": null }
        },
        "4": {
          "start": { "line": 13, "column": 0 },
          "end": { "line": 13, "column": null }
        },
        "5": {
          "start": { "line": 10, "column": 0 },
          "end": { "line": 9, "column": null }
        },
        "6": {
          "start": { "line": 8, "column": 0 },
          "end": { "line": 5, "column": null }
        }
      },
      "fnMap": {
        "0": {
          "name": "(anonymous_3)",
          "decl": {
            "start": { "line": 12, "column": 0 },
            "end": { "line": 12, "column": null }
          },
          "loc": {
            "start": { "line": 12, "column": 0 },
            "end": { "line": 14, "column": null }
          }
        }
      },
      "branchMap": {},
      "s": { "0": 0, "1": 0, "2": 0, "3": 0, "4": 0, "5": 0, "6": 0 },
      "f": { "0": 0 },
      "b": {}
    },
    "/Users/ushio/Workspace/microposts/web/components/atoms/form/InputTextarea.vue": {
      "path": "/Users/ushio/Workspace/microposts/web/components/atoms/form/InputTextarea.vue",
      "statementMap": {
        "0": {
          "start": { "line": 1, "column": 0 },
          "end": { "line": 1, "column": null }
        },
        "1": {
          "start": { "line": 2, "column": 0 },
          "end": { "line": 2, "column": null }
        },
        "2": {
          "start": { "line": 3, "column": 0 },
          "end": { "line": 3, "column": null }
        },
        "3": {
          "start": { "line": 8, "column": 0 },
          "end": { "line": 8, "column": null }
        },
        "4": {
          "start": { "line": 13, "column": 0 },
          "end": { "line": 13, "column": null }
        },
        "5": {
          "start": { "line": 10, "column": 0 },
          "end": { "line": 9, "column": null }
        },
        "6": {
          "start": { "line": 8, "column": 0 },
          "end": { "line": 5, "column": null }
        }
      },
      "fnMap": {
        "0": {
          "name": "(anonymous_3)",
          "decl": {
            "start": { "line": 12, "column": 0 },
            "end": { "line": 12, "column": null }
          },
          "loc": {
            "start": { "line": 12, "column": 0 },
            "end": { "line": 14, "column": null }
          }
        }
      },
      "branchMap": {},
      "s": { "0": 0, "1": 0, "2": 0, "3": 0, "4": 0, "5": 0, "6": 0 },
      "f": { "0": 0 },
      "b": {}
    },
    "/Users/ushio/Workspace/microposts/web/components/atoms/CurrentUserAvatar.vue": {
      "path": "/Users/ushio/Workspace/microposts/web/components/atoms/CurrentUserAvatar.vue",
      "statementMap": {
        "0": {
          "start": { "line": 1, "column": 0 },
          "end": { "line": 1, "column": null }
        },
        "1": {
          "start": { "line": 2, "column": 0 },
          "end": { "line": 2, "column": null }
        },
        "2": {
          "start": { "line": 9, "column": 0 },
          "end": { "line": 9, "column": null }
        },
        "3": {
          "start": { "line": 11, "column": 0 },
          "end": { "line": 11, "column": null }
        },
        "4": {
          "start": { "line": 9, "column": 0 },
          "end": { "line": 4, "column": null }
        }
      },
      "fnMap": {
        "0": {
          "name": "(anonymous_3)",
          "decl": {
            "start": { "line": 10, "column": 0 },
            "end": { "line": 10, "column": null }
          },
          "loc": {
            "start": { "line": 10, "column": 0 },
            "end": { "line": 12, "column": null }
          }
        }
      },
      "branchMap": {
        "0": {
          "loc": {
            "start": { "line": 11, "column": 0 },
            "end": { "line": 11, "column": null }
          },
          "type": "cond-expr",
          "locations": [
            {
              "start": { "line": 11, "column": 0 },
              "end": { "line": 11, "column": null }
            },
            {
              "start": { "line": 11, "column": 0 },
              "end": { "line": 11, "column": null }
            }
          ]
        }
      },
      "s": { "0": 0, "1": 0, "2": 0, "3": 0, "4": 0 },
      "f": { "0": 0 },
      "b": { "0": [0, 0] }
    },
    "/Users/ushio/Workspace/microposts/web/components/atoms/Avatar.vue": {
      "path": "/Users/ushio/Workspace/microposts/web/components/atoms/Avatar.vue",
      "statementMap": {
        "0": {
          "start": { "line": 6, "column": 0 },
          "end": { "line": 6, "column": null }
        },
        "1": {
          "start": { "line": 9, "column": 0 },
          "end": { "line": 9, "column": null }
        },
        "2": {
          "start": { "line": 11, "column": 0 },
          "end": { "line": 10, "column": null }
        },
        "3": {
          "start": { "line": 14, "column": 0 },
          "end": { "line": 13, "column": null }
        }
      },
      "fnMap": {},
      "branchMap": {},
      "s": { "0": 0, "1": 0, "2": 0, "3": 0 },
      "f": {},
      "b": {}
    },
    "/Users/ushio/Workspace/microposts/web/components/molecule/Microposts/MicropostBlock.vue": {
      "path": "/Users/ushio/Workspace/microposts/web/components/molecule/Microposts/MicropostBlock.vue",
      "statementMap": {
        "0": {
          "start": { "line": 1, "column": 0 },
          "end": { "line": 1, "column": null }
        },
        "1": {
          "start": { "line": 2, "column": 0 },
          "end": { "line": 2, "column": null }
        },
        "2": {
          "start": { "line": 9, "column": 0 },
          "end": { "line": 9, "column": null }
        },
        "3": {
          "start": { "line": 17, "column": 0 },
          "end": { "line": 17, "column": null }
        },
        "4": {
          "start": { "line": 11, "column": 0 },
          "end": { "line": 10, "column": null }
        },
        "5": {
          "start": { "line": 14, "column": 0 },
          "end": { "line": 13, "column": null }
        },
        "6": {
          "start": { "line": 9, "column": 0 },
          "end": { "line": 4, "column": null }
        }
      },
      "fnMap": {
        "0": {
          "name": "(anonymous_3)",
          "decl": {
            "start": { "line": 16, "column": 0 },
            "end": { "line": 16, "column": null }
          },
          "loc": {
            "start": { "line": 16, "column": 0 },
            "end": { "line": 18, "column": null }
          }
        }
      },
      "branchMap": {},
      "s": { "0": 0, "1": 0, "2": 0, "3": 0, "4": 0, "5": 0, "6": 0 },
      "f": { "0": 0 },
      "b": {}
    },
    "/Users/ushio/Workspace/microposts/web/components/molecule/Header/NavBrand.vue": {
      "path": "/Users/ushio/Workspace/microposts/web/components/molecule/Header/NavBrand.vue",
      "statementMap": {
        "0": {
          "start": { "line": 1, "column": 0 },
          "end": { "line": 1, "column": null }
        },
        "1": {
          "start": { "line": 2, "column": 0 },
          "end": { "line": 2, "column": null }
        },
        "2": {
          "start": { "line": 9, "column": 0 },
          "end": { "line": 9, "column": null }
        },
        "3": {
          "start": { "line": 11, "column": 0 },
          "end": { "line": 10, "column": null }
        },
        "4": {
          "start": { "line": 9, "column": 0 },
          "end": { "line": 4, "column": null }
        }
      },
      "fnMap": {},
      "branchMap": {},
      "s": { "0": 0, "1": 0, "2": 0, "3": 0, "4": 0 },
      "f": {},
      "b": {}
    },
    "/Users/ushio/Workspace/microposts/web/components/molecule/Header/AuthorizedHeaderNav.vue": {
      "path": "/Users/ushio/Workspace/microposts/web/components/molecule/Header/AuthorizedHeaderNav.vue",
      "statementMap": {
        "0": {
          "start": { "line": 1, "column": 0 },
          "end": { "line": 1, "column": null }
        },
        "1": {
          "start": { "line": 2, "column": 0 },
          "end": { "line": 2, "column": null }
        },
        "2": {
          "start": { "line": 3, "column": 0 },
          "end": { "line": 3, "column": null }
        },
        "3": {
          "start": { "line": 11, "column": 0 },
          "end": { "line": 11, "column": null }
        },
        "4": {
          "start": { "line": 11, "column": 0 },
          "end": { "line": 5, "column": null }
        }
      },
      "fnMap": {},
      "branchMap": {},
      "s": { "0": 0, "1": 0, "2": 0, "3": 0, "4": 0 },
      "f": {},
      "b": {}
    },
    "/Users/ushio/Workspace/microposts/web/components/molecule/Header/HeaderNav.vue": {
      "path": "/Users/ushio/Workspace/microposts/web/components/molecule/Header/HeaderNav.vue",
      "statementMap": {
        "0": {
          "start": { "line": 1, "column": 0 },
          "end": { "line": 1, "column": null }
        },
        "1": {
          "start": { "line": 2, "column": 0 },
          "end": { "line": 2, "column": null }
        },
        "2": {
          "start": { "line": 3, "column": 0 },
          "end": { "line": 3, "column": null }
        },
        "3": {
          "start": { "line": 11, "column": 0 },
          "end": { "line": 11, "column": null }
        },
        "4": {
          "start": { "line": 11, "column": 0 },
          "end": { "line": 5, "column": null }
        }
      },
      "fnMap": {},
      "branchMap": {},
      "s": { "0": 0, "1": 0, "2": 0, "3": 0, "4": 0 },
      "f": {},
      "b": {}
    },
    "/Users/ushio/Workspace/microposts/web/components/molecule/Header/NavMenu.vue": {
      "path": "/Users/ushio/Workspace/microposts/web/components/molecule/Header/NavMenu.vue",
      "statementMap": {
        "0": {
          "start": { "line": 1, "column": 0 },
          "end": { "line": 1, "column": null }
        },
        "1": {
          "start": { "line": 4, "column": 0 },
          "end": { "line": 4, "column": null }
        }
      },
      "fnMap": {},
      "branchMap": {},
      "s": { "0": 0, "1": 0 },
      "f": {},
      "b": {}
    },
    "/Users/ushio/Workspace/microposts/web/components/molecule/Header/AuthorizedNavMenu.vue": {
      "path": "/Users/ushio/Workspace/microposts/web/components/molecule/Header/AuthorizedNavMenu.vue",
      "statementMap": {
        "0": {
          "start": { "line": 1, "column": 0 },
          "end": { "line": 1, "column": null }
        },
        "1": {
          "start": { "line": 2, "column": 0 },
          "end": { "line": 2, "column": null }
        },
        "2": {
          "start": { "line": 9, "column": 0 },
          "end": { "line": 9, "column": null }
        },
        "3": {
          "start": { "line": 9, "column": 0 },
          "end": { "line": 4, "column": null }
        }
      },
      "fnMap": {},
      "branchMap": {},
      "s": { "0": 0, "1": 0, "2": 0, "3": 0 },
      "f": {},
      "b": {}
    },
    "/Users/ushio/Workspace/microposts/web/components/organisms/MicropostList.vue": {
      "path": "/Users/ushio/Workspace/microposts/web/components/organisms/MicropostList.vue",
      "statementMap": {
        "0": {
          "start": { "line": 1, "column": 0 },
          "end": { "line": 1, "column": null }
        },
        "1": {
          "start": { "line": 2, "column": 0 },
          "end": { "line": 2, "column": null }
        },
        "2": {
          "start": { "line": 10, "column": 0 },
          "end": { "line": 10, "column": null }
        },
        "3": {
          "start": { "line": 19, "column": 0 },
          "end": { "line": 19, "column": null }
        },
        "4": {
          "start": { "line": 12, "column": 0 },
          "end": { "line": 11, "column": null }
        },
        "5": {
          "start": { "line": 15, "column": 0 },
          "end": { "line": 14, "column": null }
        },
        "6": {
          "start": { "line": 18, "column": 0 },
          "end": { "line": 17, "column": null }
        },
        "7": {
          "start": { "line": 10, "column": 0 },
          "end": { "line": 5, "column": null }
        }
      },
      "fnMap": {
        "0": {
          "name": "(anonymous_3)",
          "decl": {
            "start": { "line": 18, "column": 0 },
            "end": { "line": 18, "column": null }
          },
          "loc": {
            "start": { "line": 18, "column": 0 },
            "end": { "line": 20, "column": null }
          }
        }
      },
      "branchMap": {},
      "s": { "0": 0, "1": 0, "2": 0, "3": 0, "4": 0, "5": 0, "6": 0, "7": 0 },
      "f": { "0": 0 },
      "b": {}
    },
    "/Users/ushio/Workspace/microposts/web/components/organisms/Header.vue": {
      "path": "/Users/ushio/Workspace/microposts/web/components/organisms/Header.vue",
      "statementMap": {
        "0": {
          "start": { "line": 1, "column": 0 },
          "end": { "line": 1, "column": null }
        },
        "1": {
          "start": { "line": 2, "column": 0 },
          "end": { "line": 2, "column": null }
        },
        "2": {
          "start": { "line": 3, "column": 0 },
          "end": { "line": 3, "column": null }
        },
        "3": {
          "start": { "line": 11, "column": 0 },
          "end": { "line": 11, "column": null }
        },
        "4": {
          "start": { "line": 13, "column": 0 },
          "end": { "line": 13, "column": null }
        },
        "5": {
          "start": { "line": 11, "column": 0 },
          "end": { "line": 5, "column": null }
        }
      },
      "fnMap": {
        "0": {
          "name": "(anonymous_3)",
          "decl": {
            "start": { "line": 12, "column": 0 },
            "end": { "line": 12, "column": null }
          },
          "loc": {
            "start": { "line": 12, "column": 0 },
            "end": { "line": 14, "column": null }
          }
        }
      },
      "branchMap": {},
      "s": { "0": 0, "1": 0, "2": 0, "3": 0, "4": 0, "5": 0 },
      "f": { "0": 0 },
      "b": {}
    },
    "/Users/ushio/Workspace/microposts/web/components/organisms/form/SignUpForm.vue": {
      "path": "/Users/ushio/Workspace/microposts/web/components/organisms/form/SignUpForm.vue",
      "statementMap": {
        "0": {
          "start": { "line": 1, "column": 0 },
          "end": { "line": 1, "column": null }
        },
        "1": {
          "start": { "line": 2, "column": 0 },
          "end": { "line": 2, "column": null }
        },
        "2": {
          "start": { "line": 3, "column": 0 },
          "end": { "line": 3, "column": null }
        },
        "3": {
          "start": { "line": 4, "column": 0 },
          "end": { "line": 4, "column": null }
        },
        "4": {
          "start": { "line": 5, "column": 0 },
          "end": { "line": 5, "column": null }
        },
        "5": {
          "start": { "line": 6, "column": 0 },
          "end": { "line": 6, "column": null }
        },
        "6": {
          "start": { "line": 7, "column": 0 },
          "end": { "line": 7, "column": null }
        },
        "7": {
          "start": { "line": 18, "column": 0 },
          "end": { "line": 18, "column": null }
        },
        "8": {
          "start": { "line": 19, "column": 0 },
          "end": { "line": 19, "column": null }
        },
        "9": {
          "start": { "line": 21, "column": 0 },
          "end": { "line": 21, "column": null }
        },
        "10": {
          "start": { "line": 23, "column": 0 },
          "end": { "line": 23, "column": null }
        },
        "11": {
          "start": { "line": 25, "column": 0 },
          "end": { "line": 25, "column": null }
        },
        "12": {
          "start": { "line": 28, "column": 0 },
          "end": { "line": 28, "column": null }
        },
        "13": {
          "start": { "line": 32, "column": 0 },
          "end": { "line": 32, "column": null }
        },
        "14": {
          "start": { "line": 33, "column": 0 },
          "end": { "line": 33, "column": null }
        },
        "15": {
          "start": { "line": 42, "column": 0 },
          "end": { "line": 42, "column": null }
        },
        "16": {
          "start": { "line": 18, "column": 0 },
          "end": { "line": 9, "column": null }
        }
      },
      "fnMap": {
        "0": {
          "name": "(anonymous_3)",
          "decl": {
            "start": { "line": 18, "column": 0 },
            "end": { "line": 18, "column": null }
          },
          "loc": {
            "start": { "line": 18, "column": 0 },
            "end": { "line": 44, "column": null }
          }
        },
        "1": {
          "name": "(anonymous_4)",
          "decl": {
            "start": { "line": 27, "column": 0 },
            "end": { "line": 27, "column": null }
          },
          "loc": {
            "start": { "line": 27, "column": 0 },
            "end": { "line": 29, "column": null }
          }
        },
        "2": {
          "name": "(anonymous_5)",
          "decl": {
            "start": { "line": 31, "column": 0 },
            "end": { "line": 31, "column": null }
          },
          "loc": {
            "start": { "line": 31, "column": 0 },
            "end": { "line": 39, "column": null }
          }
        },
        "3": {
          "name": "(anonymous_6)",
          "decl": {
            "start": { "line": 41, "column": 0 },
            "end": { "line": 41, "column": null }
          },
          "loc": {
            "start": { "line": 41, "column": 0 },
            "end": { "line": 43, "column": null }
          }
        }
      },
      "branchMap": {
        "0": {
          "loc": {
            "start": { "line": 28, "column": 0 },
            "end": { "line": 28, "column": null }
          },
          "type": "binary-expr",
          "locations": [
            {
              "start": { "line": 28, "column": 0 },
              "end": { "line": 28, "column": null }
            },
            {
              "start": { "line": 28, "column": 0 },
              "end": { "line": 28, "column": null }
            }
          ]
        }
      },
      "s": {
        "0": 0,
        "1": 0,
        "2": 0,
        "3": 0,
        "4": 0,
        "5": 0,
        "6": 0,
        "7": 0,
        "8": 0,
        "9": 0,
        "10": 0,
        "11": 0,
        "12": 0,
        "13": 0,
        "14": 0,
        "15": 0,
        "16": 0
      },
      "f": { "0": 0, "1": 0, "2": 0, "3": 0 },
      "b": { "0": [0, 0] }
    },
    "/Users/ushio/Workspace/microposts/web/pages/signin/index.vue": {
      "path": "/Users/ushio/Workspace/microposts/web/pages/signin/index.vue",
      "statementMap": {
        "0": {
          "start": { "line": 1, "column": 0 },
          "end": { "line": 1, "column": null }
        },
        "1": {
          "start": { "line": 2, "column": 0 },
          "end": { "line": 2, "column": null }
        },
        "2": {
          "start": { "line": 3, "column": 0 },
          "end": { "line": 3, "column": null }
        },
        "3": {
          "start": { "line": 12, "column": 0 },
          "end": { "line": 12, "column": null }
        },
        "4": {
          "start": { "line": 14, "column": 0 },
          "end": { "line": 14, "column": null }
        },
        "5": {
          "start": { "line": 12, "column": 0 },
          "end": { "line": 6, "column": null }
        }
      },
      "fnMap": {
        "0": {
          "name": "(anonymous_3)",
          "decl": {
            "start": { "line": 13, "column": 0 },
            "end": { "line": 13, "column": null }
          },
          "loc": {
            "start": { "line": 13, "column": 0 },
            "end": { "line": 15, "column": null }
          }
        }
      },
      "branchMap": {},
      "s": { "0": 0, "1": 0, "2": 0, "3": 0, "4": 0, "5": 0 },
      "f": { "0": 0 },
      "b": {}
    },
    "/Users/ushio/Workspace/microposts/web/pages/signup/index.vue": {
      "path": "/Users/ushio/Workspace/microposts/web/pages/signup/index.vue",
      "statementMap": {
        "0": {
          "start": { "line": 1, "column": 0 },
          "end": { "line": 1, "column": null }
        },
        "1": {
          "start": { "line": 2, "column": 0 },
          "end": { "line": 2, "column": null }
        },
        "2": {
          "start": { "line": 3, "column": 0 },
          "end": { "line": 3, "column": null }
        },
        "3": {
          "start": { "line": 12, "column": 0 },
          "end": { "line": 12, "column": null }
        },
        "4": {
          "start": { "line": 14, "column": 0 },
          "end": { "line": 14, "column": null }
        },
        "5": {
          "start": { "line": 12, "column": 0 },
          "end": { "line": 6, "column": null }
        }
      },
      "fnMap": {
        "0": {
          "name": "(anonymous_3)",
          "decl": {
            "start": { "line": 13, "column": 0 },
            "end": { "line": 13, "column": null }
          },
          "loc": {
            "start": { "line": 13, "column": 0 },
            "end": { "line": 15, "column": null }
          }
        }
      },
      "branchMap": {},
      "s": { "0": 0, "1": 0, "2": 0, "3": 0, "4": 0, "5": 0 },
      "f": { "0": 0 },
      "b": {}
    },
    "/Users/ushio/Workspace/microposts/web/pages/index.vue": {
      "path": "/Users/ushio/Workspace/microposts/web/pages/index.vue",
      "statementMap": {
        "0": {
          "start": { "line": 1, "column": 0 },
          "end": { "line": 1, "column": null }
        },
        "1": {
          "start": { "line": 2, "column": 0 },
          "end": { "line": 2, "column": null }
        },
        "2": {
          "start": { "line": 3, "column": 0 },
          "end": { "line": 3, "column": null }
        },
        "3": {
          "start": { "line": 11, "column": 0 },
          "end": { "line": 11, "column": null }
        },
        "4": {
          "start": { "line": 11, "column": 0 },
          "end": { "line": 5, "column": null }
        }
      },
      "fnMap": {},
      "branchMap": {},
      "s": { "0": 0, "1": 0, "2": 0, "3": 0, "4": 0 },
      "f": {},
      "b": {}
    },
    "/Users/ushio/Workspace/microposts/web/components/organisms/form/MicropostForm.vue": {
      "path": "/Users/ushio/Workspace/microposts/web/components/organisms/form/MicropostForm.vue",
      "statementMap": {
        "0": {
          "start": { "line": 1, "column": 0 },
          "end": { "line": 1, "column": null }
        },
        "1": {
          "start": { "line": 2, "column": 0 },
          "end": { "line": 2, "column": null }
        },
        "2": {
          "start": { "line": 3, "column": 0 },
          "end": { "line": 3, "column": null }
        },
        "3": {
          "start": { "line": 4, "column": 0 },
          "end": { "line": 4, "column": null }
        },
        "4": {
          "start": { "line": 13, "column": 0 },
          "end": { "line": 13, "column": null }
        },
        "5": {
          "start": { "line": 14, "column": 0 },
          "end": { "line": 14, "column": null }
        },
        "6": {
          "start": { "line": 16, "column": 0 },
          "end": { "line": 16, "column": null }
        },
        "7": {
          "start": { "line": 19, "column": 0 },
          "end": { "line": 19, "column": null }
        },
        "8": {
          "start": { "line": 23, "column": 0 },
          "end": { "line": 23, "column": null }
        },
        "9": {
          "start": { "line": 27, "column": 0 },
          "end": { "line": 27, "column": null }
        },
        "10": {
          "start": { "line": 31, "column": 0 },
          "end": { "line": 31, "column": null }
        },
        "11": {
          "start": { "line": 32, "column": 0 },
          "end": { "line": 32, "column": null }
        },
        "12": {
          "start": { "line": 33, "column": 0 },
          "end": { "line": 33, "column": null }
        },
        "13": {
          "start": { "line": 38, "column": 0 },
          "end": { "line": 38, "column": null }
        },
        "14": {
          "start": { "line": 37, "column": 0 },
          "end": { "line": 36, "column": null }
        },
        "15": {
          "start": { "line": 13, "column": 0 },
          "end": { "line": 7, "column": null }
        }
      },
      "fnMap": {
        "0": {
          "name": "(anonymous_3)",
          "decl": {
            "start": { "line": 13, "column": 0 },
            "end": { "line": 13, "column": null }
          },
          "loc": {
            "start": { "line": 13, "column": 0 },
            "end": { "line": 40, "column": null }
          }
        },
        "1": {
          "name": "(anonymous_4)",
          "decl": {
            "start": { "line": 18, "column": 0 },
            "end": { "line": 18, "column": null }
          },
          "loc": {
            "start": { "line": 18, "column": 0 },
            "end": { "line": 20, "column": null }
          }
        },
        "2": {
          "name": "(anonymous_5)",
          "decl": {
            "start": { "line": 22, "column": 0 },
            "end": { "line": 22, "column": null }
          },
          "loc": {
            "start": { "line": 22, "column": 0 },
            "end": { "line": 24, "column": null }
          }
        },
        "3": {
          "name": "(anonymous_6)",
          "decl": {
            "start": { "line": 26, "column": 0 },
            "end": { "line": 26, "column": null }
          },
          "loc": {
            "start": { "line": 26, "column": 0 },
            "end": { "line": 28, "column": null }
          }
        },
        "4": {
          "name": "(anonymous_7)",
          "decl": {
            "start": { "line": 30, "column": 0 },
            "end": { "line": 30, "column": null }
          },
          "loc": {
            "start": { "line": 30, "column": 0 },
            "end": { "line": 34, "column": null }
          }
        },
        "5": {
          "name": "(anonymous_8)",
          "decl": {
            "start": { "line": 37, "column": 0 },
            "end": { "line": 37, "column": null }
          },
          "loc": {
            "start": { "line": 37, "column": 0 },
            "end": { "line": 39, "column": null }
          }
        }
      },
      "branchMap": {},
      "s": {
        "0": 0,
        "1": 0,
        "2": 0,
        "3": 0,
        "4": 0,
        "5": 0,
        "6": 0,
        "7": 0,
        "8": 0,
        "9": 0,
        "10": 0,
        "11": 0,
        "12": 0,
        "13": 0,
        "14": 0,
        "15": 0
      },
      "f": { "0": 0, "1": 0, "2": 0, "3": 0, "4": 0, "5": 0 },
      "b": {}
    },
    "/Users/ushio/Workspace/microposts/web/pages/main/index.vue": {
      "path": "/Users/ushio/Workspace/microposts/web/pages/main/index.vue",
      "statementMap": {
        "0": {
          "start": { "line": 1, "column": 0 },
          "end": { "line": 1, "column": null }
        },
        "1": {
          "start": { "line": 2, "column": 0 },
          "end": { "line": 2, "column": null }
        },
        "2": {
          "start": { "line": 3, "column": 0 },
          "end": { "line": 3, "column": null }
        },
        "3": {
          "start": { "line": 4, "column": 0 },
          "end": { "line": 4, "column": null }
        },
        "4": {
          "start": { "line": 14, "column": 0 },
          "end": { "line": 14, "column": null }
        },
        "5": {
          "start": { "line": 16, "column": 0 },
          "end": { "line": 16, "column": null }
        },
        "6": {
          "start": { "line": 20, "column": 0 },
          "end": { "line": 20, "column": null }
        },
        "7": {
          "start": { "line": 14, "column": 0 },
          "end": { "line": 7, "column": null }
        }
      },
      "fnMap": {
        "0": {
          "name": "(anonymous_3)",
          "decl": {
            "start": { "line": 15, "column": 0 },
            "end": { "line": 15, "column": null }
          },
          "loc": {
            "start": { "line": 15, "column": 0 },
            "end": { "line": 17, "column": null }
          }
        },
        "1": {
          "name": "(anonymous_4)",
          "decl": {
            "start": { "line": 19, "column": 0 },
            "end": { "line": 19, "column": null }
          },
          "loc": {
            "start": { "line": 19, "column": 0 },
            "end": { "line": 21, "column": null }
          }
        }
      },
      "branchMap": {},
      "s": { "0": 0, "1": 0, "2": 0, "3": 0, "4": 0, "5": 0, "6": 0, "7": 0 },
      "f": { "0": 0, "1": 0 },
      "b": {}
    }
  }
}
